0.500 0 arrives
0.500 0 served by 0
0.600 1 arrives
0.600 1 served by 1
0.700 2 arrives
0.700 2 served by 2
1.500 0 done with 0
1.500 3 arrives
1.500 3 served by 0
1.600 1 done with 1
1.600 4 arrives
1.600 4 served by 1
1.700 2 done with 2
1.700 5 arrives
1.700 5 served by 2
2.500 3 done with 0
2.500 6 arrives
2.500 6 served by 0
2.600 4 done with 1
2.600 7 arrives
2.600 7 served by 1
2.700 5 done with 2
2.700 8 arrives
2.700 8 served by 2
3.500 6 done with 0
3.500 9 arrives
3.500 9 served by 0
3.600 7 done with 1
3.600 10 arrives
3.600 10 served by 1
3.700 8 done with 2
3.700 11 arrives
3.700 11 served by 2
4.500 9 done with 0
4.600 10 done with 1
4.700 11 done with 2
0.000, 12, 0
