1.272 0 arrives
1.272 0 served by 0
1.301 1 arrives
1.301 1 served by 1
1.408 2 arrives
1.408 2 waits for 0
1.871 3 arrives
1.871 3 waits for 1
1.966 4 arrives
1.966 4 leaves
2.272 0 done with 0
2.272 2 served by 0
2.301 1 done with 1
2.301 3 served by 1
2.483 5 arrives
2.483 5 waits for 0
2.601 6 arrives
2.601 6 waits for 1
3.272 2 done with 0
3.272 5 served by 0
3.301 3 done with 1
3.301 6 served by 1
3.686 7 arrives
3.686 7 waits for 0
4.272 5 done with 0
4.272 7 served by 0
4.301 6 done with 1
4.771 8 arrives
4.771 8 served by 1
4.919 9 arrives
4.919 9 waits for 0
4.945 4 arrives
4.945 4 waits for 1
5.272 7 done with 0
5.272 9 served by 0
5.468 10 arrives
5.468 10 waits for 0
5.771 8 done with 1
5.771 4 served by 1
6.048 11 arrives
6.048 11 waits for 1
6.272 9 done with 0
6.272 10 served by 0
6.771 4 done with 1
6.771 11 served by 1
6.918 12 arrives
6.918 12 waits for 0
7.131 13 arrives
7.131 13 waits for 1
7.272 10 done with 0
7.272 12 served by 0
7.294 14 arrives
7.294 14 waits for 0
7.771 11 done with 1
7.771 13 served by 1
8.272 12 done with 0
8.272 14 served by 0
8.771 13 done with 1
9.272 14 done with 0
0.537, 15, 1
