0.056 0 arrives
0.056 0 served by 0
1.056 0 done with 0
1.576 1 arrives
1.576 1 served by 0
2.576 1 done with 0
3.294 2 arrives
3.294 2 served by 0
4.063 3 arrives
4.063 3 waits for 0
4.294 2 done with 0
4.294 3 served by 0
4.587 4 arrives
4.587 4 waits for 0
5.294 3 done with 0
5.294 4 served by 0
5.716 5 arrives
5.716 5 waits for 0
6.294 4 done with 0
6.294 5 served by 0
7.294 5 done with 0
7.677 6 arrives
7.677 6 served by 0
7.905 7 arrives
7.905 7 waits for 0
8.274 8 arrives
8.274 8 leaves
8.612 9 arrives
8.612 9 leaves
8.677 6 done with 0
8.677 7 served by 0
9.134 10 arrives
9.134 10 waits for 0
9.677 7 done with 0
9.677 10 served by 0
10.677 10 done with 0
14.413 11 arrives
14.413 11 served by 0
14.530 12 arrives
14.530 12 waits for 0
14.886 13 arrives
14.886 13 leaves
15.060 14 arrives
15.060 14 leaves
15.413 11 done with 0
15.413 0 is resting
15.495 15 arrives
15.495 15 leaves
15.692 14 arrives
15.692 14 leaves
16.323 14 arrives
16.323 14 leaves
16.457 16 arrives
16.457 16 leaves
16.786 17 arrives
16.786 17 leaves
16.955 14 arrives
16.955 14 leaves
17.371 18 arrives
17.371 18 leaves
17.530 0 is back
17.530 12 served by 0
17.586 14 arrives
17.586 14 waits for 0
18.522 17 arrives
18.522 17 leaves
18.530 12 done with 0
18.530 14 served by 0
18.632 15 arrives
18.632 15 waits for 0
19.093 19 arrives
19.093 19 leaves
19.530 14 done with 0
19.530 15 served by 0
19.554 19 arrives
19.554 19 waits for 0
20.257 17 arrives
20.257 17 leaves
20.530 15 done with 0
20.530 19 served by 0
21.530 19 done with 0
21.992 17 arrives
21.992 17 served by 0
22.992 17 done with 0
22.992 0 is resting
23.124 0 is back
0.577, 15, 14
