0.500 0 arrives
0.500 0 served by 0
0.600 1 arrives
0.600 1 served by 1
0.700 2 arrives
0.700 2 served by 2
0.800 3 arrives
0.800 3 waits for 0
0.900 4 arrives
0.900 4 waits for 1
1.500 0 done with 0
1.500 3 served by 0
1.500 5 arrives
1.500 5 waits for 0
1.600 1 done with 1
1.600 4 served by 1
1.600 6 arrives
1.600 6 waits for 1
1.700 2 done with 2
1.700 7 arrives
1.700 7 served by 2
1.800 8 arrives
1.800 8 waits for 2
1.900 9 arrives
1.900 9 leaves
2.500 3 done with 0
2.500 5 served by 0
2.500 10 arrives
2.500 10 waits for 0
2.600 4 done with 1
2.600 6 served by 1
2.600 11 arrives
2.600 11 waits for 1
2.700 7 done with 2
2.700 8 served by 2
2.700 12 arrives
2.700 12 waits for 2
2.800 13 arrives
2.800 13 leaves
2.900 14 arrives
2.900 14 leaves
3.500 5 done with 0
3.500 10 served by 0
3.500 15 arrives
3.500 15 waits for 0
3.600 6 done with 1
3.600 11 served by 1
3.600 16 arrives
3.600 16 waits for 1
3.700 8 done with 2
3.700 12 served by 2
3.700 17 arrives
3.700 17 waits for 2
3.800 18 arrives
3.800 18 leaves
3.900 19 arrives
3.900 19 leaves
4.500 10 done with 0
4.500 15 served by 0
4.600 11 done with 1
4.600 16 served by 1
4.700 12 done with 2
4.700 17 served by 2
5.500 15 done with 0
5.600 16 done with 1
5.700 17 done with 2
0.687, 15, 5
