0.013 0 arrives
0.013 0 served by 0
0.364 1 arrives
0.364 1 served by 0
0.400 2 arrives
0.400 2 served by 0
0.796 3 arrives
0.796 3 served by 1
0.913 4 arrives
0.913 4 served by 1
1.013 0 done with 0
1.090 5 arrives
1.090 5 served by 0
1.211 6 arrives
1.211 6 served by 1
1.364 1 done with 0
1.400 2 done with 0
1.514 7 arrives
1.514 7 served by 0
1.775 8 arrives
1.775 8 served by 0
1.796 3 done with 1
1.827 9 arrives
1.827 9 served by 1
1.913 4 done with 1
2.090 5 done with 0
2.211 6 done with 1
2.279 10 arrives
2.279 10 served by 0
2.499 11 arrives
2.499 11 served by 1
2.514 7 done with 0
2.676 12 arrives
2.676 12 served by 0
2.762 13 arrives
2.762 13 served by 1
2.775 8 done with 0
2.827 9 done with 1
2.840 14 arrives
2.840 14 served by 0
3.279 10 done with 0
3.499 11 done with 1
3.676 12 done with 0
3.762 13 done with 1
3.762 1 is resting
3.840 14 done with 0
4.214 1 is back
0.000, 15, 0
