1.272 0 arrives
1.272 0 served by 0
1.301 1 arrives
1.301 1 served by 1
1.408 2 arrives
1.408 2 waits for 0
1.871 3 arrives
1.871 3 waits for 1
1.966 4 arrives
1.966 4 leaves
2.272 0 done with 0
2.272 0 is resting
2.301 1 done with 1
2.301 3 served by 1
2.483 5 arrives
2.483 5 waits for 1
2.601 6 arrives
2.601 6 leaves
3.301 3 done with 1
3.301 5 served by 1
3.686 7 arrives
3.686 7 waits for 1
4.301 5 done with 1
4.301 7 served by 1
4.771 8 arrives
4.771 8 waits for 1
4.919 9 arrives
4.919 9 leaves
4.945 4 arrives
4.945 4 leaves
5.301 7 done with 1
5.301 8 served by 1
5.468 10 arrives
5.468 10 waits for 1
5.598 9 arrives
5.598 9 leaves
6.048 11 arrives
6.048 11 leaves
6.276 9 arrives
6.276 9 leaves
6.301 8 done with 1
6.301 10 served by 1
6.402 0 is back
6.402 2 served by 0
6.467 11 arrives
6.467 11 waits for 0
6.918 12 arrives
6.918 12 waits for 1
6.955 9 arrives
6.955 9 leaves
7.131 13 arrives
7.131 13 leaves
7.264 13 arrives
7.264 13 leaves
7.294 14 arrives
7.294 14 leaves
7.301 10 done with 1
7.301 12 served by 1
7.302 14 arrives
7.302 14 waits for 1
7.396 13 arrives
7.396 13 leaves
7.402 2 done with 0
7.402 11 served by 0
7.528 13 arrives
7.528 13 waits for 0
7.633 9 arrives
7.633 9 leaves
7.925 4 arrives
7.925 4 leaves
8.301 12 done with 1
8.301 14 served by 1
8.312 9 arrives
8.312 9 waits for 1
8.402 11 done with 0
8.402 13 served by 0
9.301 14 done with 1
9.301 9 served by 1
9.402 13 done with 0
10.301 9 done with 1
10.905 4 arrives
10.905 4 served by 0
11.905 4 done with 0
0.886, 14, 14
