0.056 0:: GENERAL arrives
0.056 0 served by 0
0.056 0 served by 0
1.056 0 done with 0
1.056 0 done with 0
1.576 1:: GENERAL arrives
1.576 1 served by 0
1.576 1 served by 0
2.576 1 done with 0
2.576 1 done with 0
3.294 2:: GENERAL arrives
3.294 2 served by 0
3.294 2 served by 0
4.063 3:: ELDERLY arrives
4.063 3 served by 1
4.294 2 done with 0
4.294 2 done with 0
4.587 4:: GENERAL arrives
4.587 4 served by 0
4.587 4 served by 0
5.063 3 done with 1
5.587 4 done with 0
5.587 4 done with 0
5.716 5:: GENERAL arrives
5.716 5 served by 0
5.716 5 served by 0
6.716 5 done with 0
6.716 5 done with 0
6.716 0 is resting
7.677 6:: GENERAL arrives
7.677 6 served by 1
7.677 6 served by 1
7.905 7:: GENERAL arrives
7.905 7 served by 0
7.905 7 waits for 0
8.274 8:: ELDERLY arrives
8.274 8 waits for 1
8.612 9:: ELDERLY arrives
8.612 9 leaves
8.677 6 done with 1
8.677 6 done with 1
8.677 8 served by 1
8.833 0 is back
8.833 7 served by 0
8.905 7 done with 0
9.134 10:: GENERAL arrives
9.134 10 served by 0
9.134 10 waits for 0
9.677 8 done with 1
9.833 7 done with 0
9.833 10 served by 0
10.134 10 done with 0
10.833 10 done with 0
14.413 11:: GENERAL arrives
14.413 11 served by 0
14.413 11 served by 0
14.530 12:: ELDERLY arrives
14.530 12 served by 1
14.886 13:: ELDERLY arrives
14.886 13 waits for 0
15.060 14:: GENERAL arrives
15.060 14 served by 1
15.060 14 waits for 1
15.413 11 done with 0
15.413 11 done with 0
15.413 0 is resting
15.495 15:: GENERAL arrives
15.495 15 leaves
15.495 15 waits for 0
15.530 12 done with 1
15.530 14 served by 1
15.545 0 is back
15.545 13 served by 0
16.060 14 done with 1
16.457 16:: ELDERLY arrives
16.457 16 waits for 0
16.530 14 done with 1
16.545 13 done with 0
16.545 16 served by 0
16.786 17:: GENERAL arrives
16.786 17 served by 1
16.786 17 served by 1
17.371 18:: ELDERLY arrives
17.371 18 waits for 0
17.545 16 done with 0
17.545 0 is resting
17.734 0 is back
17.734 18 served by 0
17.786 17 done with 1
17.786 17 done with 1
18.632 15:: GENERAL arrives
18.632 15 served by 1
18.632 15 served by 1
18.734 18 done with 0
19.093 19:: GENERAL arrives
19.093 19 served by 0
19.093 19 served by 0
19.632 15 done with 1
19.632 15 done with 1
20.093 19 done with 0
20.093 19 done with 0
0.178, 32, -11
